Copyright 1986-2017 Xilinx, Inc. All Rights Reserved.
----------------------------------------------------------------------------------------
| Tool Version : Vivado v.2017.4 (win64) Build 2086221 Fri Dec 15 20:55:39 MST 2017
| Date         : Sun Dec 23 11:08:04 2018
| Host         : Computer running 64-bit major release  (build 9200)
| Command      : report_control_sets -verbose -file key_fangdou_control_sets_placed.rpt
| Design       : key_fangdou
| Device       : xc7a100t
----------------------------------------------------------------------------------------

Control Set Information

Table of Contents
-----------------
1. Summary
2. Flip-Flop Distribution
3. Detailed Control Set Information

1. Summary
----------

+----------------------------------------------------------+-------+
|                          Status                          | Count |
+----------------------------------------------------------+-------+
| Number of unique control sets                            |     2 |
| Unused register locations in slices containing registers |     9 |
+----------------------------------------------------------+-------+


2. Flip-Flop Distribution
-------------------------

+--------------+-----------------------+------------------------+-----------------+--------------+
| Clock Enable | Synchronous Set/Reset | Asynchronous Set/Reset | Total Registers | Total Slices |
+--------------+-----------------------+------------------------+-----------------+--------------+
| No           | No                    | No                     |               6 |            1 |
| No           | No                    | Yes                    |               0 |            0 |
| No           | Yes                   | No                     |               0 |            0 |
| Yes          | No                    | No                     |               0 |            0 |
| Yes          | No                    | Yes                    |               0 |            0 |
| Yes          | Yes                   | No                     |               1 |            1 |
+--------------+-----------------------+------------------------+-----------------+--------------+


3. Detailed Control Set Information
-----------------------------------

+----------------+---------------------+---------------------+------------------+----------------+
|  Clock Signal  |    Enable Signal    |   Set/Reset Signal  | Slice Load Count | Bel Load Count |
+----------------+---------------------+---------------------+------------------+----------------+
|  clk_IBUF_BUFG | key_out_reg_i_2_n_0 | key_out_reg_i_1_n_0 |                1 |              1 |
|  clk_IBUF_BUFG |                     |                     |                1 |              6 |
+----------------+---------------------+---------------------+------------------+----------------+


+--------+-----------------------+
| Fanout | Number of ControlSets |
+--------+-----------------------+
| 1      |                     1 |
| 6      |                     1 |
+--------+-----------------------+


